c:\users\albch\documents\github\3w3\3w3\debug\vc142.pdb
c:\users\albch\documents\github\3w3\3w3\debug\vc142.idb
c:\users\albch\documents\github\3w3\3w3\debug\state_game.obj
c:\users\albch\documents\github\3w3\3w3\debug\entitybase.obj
c:\users\albch\documents\github\3w3\3w3\debug\window.obj
c:\users\albch\documents\github\3w3\3w3\debug\state_tool.obj
c:\users\albch\documents\github\3w3\3w3\debug\state_paused.obj
c:\users\albch\documents\github\3w3\3w3\debug\state_mainmenu.obj
c:\users\albch\documents\github\3w3\3w3\debug\state_intro.obj
c:\users\albch\documents\github\3w3\3w3\debug\state_gameover.obj
c:\users\albch\documents\github\3w3\3w3\debug\statemanager.obj
c:\users\albch\documents\github\3w3\3w3\debug\spritesheet.obj
c:\users\albch\documents\github\3w3\3w3\debug\player.obj
c:\users\albch\documents\github\3w3\3w3\debug\map.obj
c:\users\albch\documents\github\3w3\3w3\debug\game.obj
c:\users\albch\documents\github\3w3\3w3\debug\eventmanager.obj
c:\users\albch\documents\github\3w3\3w3\debug\entitymanager.obj
c:\users\albch\documents\github\3w3\3w3\debug\enemy.obj
c:\users\albch\documents\github\3w3\3w3\debug\character.obj
c:\users\albch\documents\github\3w3\3w3\debug\anim_directional.obj
c:\users\albch\documents\github\3w3\3w3\debug\anim_base.obj
c:\users\albch\documents\github\3w3\3w3\debug\3w3.obj
c:\users\albch\documents\github\3w3\3w3\debug\bullet.obj
c:\users\albch\documents\github\3w3\3w3\debug\quelle.obj
c:\users\albch\documents\github\3w3\3w3\debug\gui_scrollbar.obj
c:\users\albch\documents\github\3w3\3w3\debug\gui_manager.obj
c:\users\albch\documents\github\3w3\3w3\debug\gui_element.obj
c:\users\albch\documents\github\3w3\3w3\debug\gui_textfield.obj
c:\users\albch\documents\github\3w3\3w3\debug\gui_label.obj
c:\users\albch\documents\github\3w3\3w3\debug\gui_interface.obj
c:\users\albch\documents\github\3w3\3w3\debug\3w3.exe
c:\users\albch\documents\github\3w3\3w3\debug\3w3.ilk
c:\users\albch\documents\github\3w3\3w3\debug\3w3.pdb
c:\users\albch\documents\github\3w3\3w3\debug\3w3.tlog\cl.command.1.tlog
c:\users\albch\documents\github\3w3\3w3\debug\3w3.tlog\cl.read.1.tlog
c:\users\albch\documents\github\3w3\3w3\debug\3w3.tlog\cl.write.1.tlog
c:\users\albch\documents\github\3w3\3w3\debug\3w3.tlog\link.command.1.tlog
c:\users\albch\documents\github\3w3\3w3\debug\3w3.tlog\link.read.1.tlog
c:\users\albch\documents\github\3w3\3w3\debug\3w3.tlog\link.write.1.tlog
